Resolution: Edit all __init__.py and blank files to have " " instead of being zero bytes in size.

Inf2Cat Tool Output:
.......................................................................................................................................................................................................................................................................................................................................................................................................................................................................................................................................................................................................................................................................................................................................................................................................................................................................................................................................................................................................................................................................................................................................................................................................................................................................
Signability test failed.

Errors:
22.9.2: File (\python\lib\pydoc_data\__init__.py) copied by an INF must not be zero bytes.
22.9.2: File (\python\lib\urllib\__init__.py) copied by an INF must not be zero bytes.
22.9.2: File (\python\lib\email\mime\__init__.py) copied by an INF must not be zero bytes.
22.9.2: File (\python\lib\site-packages\pip-20.2.3.dist-info\requested) copied by an INF must not be zero bytes.
22.9.2: File (\python\lib\site-packages\setuptools-49.2.1.dist-info\requested) copied by an INF must not be zero bytes.
22.9.2: File (\python\lib\site-packages\pkg_resources\_vendor\__init__.py) copied by an INF must not be zero bytes.
22.9.2: File (\python\lib\site-packages\setuptools\_vendor\__init__.py) copied by an INF must not be zero bytes.
22.9.2: File (\python\lib\site-packages\pip\_internal\operations\__init__.py) copied by an INF must not be zero bytes.
22.9.2: File (\python\lib\site-packages\pip\_internal\resolution\__init__.py) copied by an INF must not be zero bytes.
22.9.2: File (\python\lib\site-packages\pip\_internal\utils\__init__.py) copied by an INF must not be zero bytes.
22.9.2: File (\python\lib\site-packages\pip\_internal\operations\build\__init__.py) copied by an INF must not be zero bytes.
22.9.2: File (\python\lib\site-packages\pip\_internal\resolution\legacy\__init__.py) copied by an INF must not be zero bytes.
22.9.2: File (\python\lib\site-packages\pip\_internal\resolution\resolvelib\__init__.py) copied by an INF must not be zero bytes.
22.9.2: File (\python\lib\site-packages\pip\_vendor\html5lib\filters\__init__.py) copied by an INF must not be zero bytes.
22.9.2: File (\python\lib\site-packages\pip\_vendor\resolvelib\compat\__init__.py) copied by an INF must not be zero bytes.
22.9.2: File (\python\lib\site-packages\pip\_vendor\urllib3\contrib\__init__.py) copied by an INF must not be zero bytes.
22.9.2: File (\python\lib\site-packages\pip\_vendor\urllib3\contrib\_securetransport\__init__.py) copied by an INF must not be zero bytes.
22.9.2: File (\python\lib\site-packages\pip\_vendor\urllib3\packages\backports\__init__.py) copied by an INF must not be zero bytes.

Warnings:
None
